644917299
644461007
644564360
646115786
644849692
644450633
644728584
645593725
646169558
645366010
646156481
645730218
644615853
644642650
644521154
644643780
644688689
644643171
644392467
639691474
644775339
644568169
644890609
644447573
85424165
644476919
644868636
644776425
644920827
644533598
644808114
644917056
644786241
644219422
556570894
644128129
644046085
644529763
644786764
643030230
643841853
638839284
644227721
644360606
644240042
644899585
644240843
644449118
644046379
644380915
644345092
644542648
644786574
644786825
644047044
644412754
644543828
295161680
287661650
293907572
646033458
640591890
645931903
641236836
645716378
645809958
646067622
645305325
646266282
638695589
645716849
639337740
641307893
641991731
643443078
643564465
639103185
644285940
643101326
643178312
644791419
644327629
642084358
644392286
643956554
643712104
642364828
644202934
644258280
642233235
643231977
644697466
644482321
644595320
642087962
643453739
644627814
643073948
643021909
644859998
